Dataset/Injected-Faults/WordPress-Android/WordPress-Android-Defeito-4/WordPress/build/intermediates/manifest_merge_blame_file/wordpressJalapenoDebug/manifest-merger-blame-wordpress-jalapeno-debug-report.txt
1<?xml version="1.0" encoding="utf-8"?>
2<manifest xmlns:android="http://schemas.android.com/apk/res/android"
3    package="org.wordpress.android.prealpha"
4    android:installLocation="auto"
5    android:versionCode="1"
6    android:versionName="alpha-372" >
7
8    <uses-sdk
8-->src/main/AndroidManifest.xml:7:5-57
9        android:minSdkVersion="24"
10        android:targetSdkVersion="30" />
11
12    <!--
13        The below permissions are required by Fastlane for taking screenshots.
14        They should never be included in release builds
15    -->
16    <!-- Allows unlocking your device and activating its screen so UI tests can succeed -->
17    <uses-permission android:name="android.permission.DISABLE_KEYGUARD" />
17-->src/debug/AndroidManifest.xml:18:5-74
17-->src/debug/AndroidManifest.xml:18:22-72
18    <uses-permission android:name="android.permission.WAKE_LOCK" />
18-->src/debug/AndroidManifest.xml:19:5-67
18-->src/debug/AndroidManifest.xml:19:22-65
19
20    <!-- Allows for storing and retrieving screenshots -->
21    <uses-permission android:name="android.permission.WRITE_EXTERNAL_STORAGE" />
21-->src/main/AndroidManifest.xml:20:5-81
21-->src/main/AndroidManifest.xml:20:22-78
22    <uses-permission android:name="android.permission.READ_EXTERNAL_STORAGE" />
22-->src/debug/AndroidManifest.xml:23:5-80
22-->src/debug/AndroidManifest.xml:23:22-77
23
24    <!-- Allows changing locales for screenshot automation -->
25    <uses-permission android:name="android.permission.CHANGE_CONFIGURATION" />
25-->src/debug/AndroidManifest.xml:26:5-29:11
25-->src/debug/AndroidManifest.xml:28:9-63
26    <!-- Normal permissions, access automatically granted to app -->
27    <uses-permission android:name="android.permission.VIBRATE" />
27-->src/main/AndroidManifest.xml:10:5-66
27-->src/main/AndroidManifest.xml:10:22-63
28    <uses-permission android:name="android.permission.INTERNET" />
28-->src/main/AndroidManifest.xml:11:5-67
28-->src/main/AndroidManifest.xml:11:22-64
29    <uses-permission android:name="android.permission.ACCESS_NETWORK_STATE" />
29-->src/main/AndroidManifest.xml:12:5-79
29-->src/main/AndroidManifest.xml:12:22-76
30    <uses-permission android:name="android.permission.FOREGROUND_SERVICE" />
30-->src/main/AndroidManifest.xml:13:5-77
30-->src/main/AndroidManifest.xml:13:22-74
31    <uses-permission android:name="com.android.launcher.permission.INSTALL_SHORTCUT" />
31-->src/main/AndroidManifest.xml:14:5-88
31-->src/main/AndroidManifest.xml:14:22-85
32    <uses-permission android:name="com.android.launcher.permission.UNINSTALL_SHORTCUT" /> <!-- Dangerous permissions, access must be requested at runtime -->
32-->src/main/AndroidManifest.xml:15:5-90
32-->src/main/AndroidManifest.xml:15:22-87
33    <uses-permission android:name="android.permission.CAMERA" />
33-->src/main/AndroidManifest.xml:18:5-65
33-->src/main/AndroidManifest.xml:18:22-62
34    <uses-permission android:name="android.permission.GET_ACCOUNTS" />
34-->src/main/AndroidManifest.xml:19:5-71
34-->src/main/AndroidManifest.xml:19:22-68
35    <uses-permission android:name="android.permission.RECEIVE_BOOT_COMPLETED" />
35-->src/main/AndroidManifest.xml:21:5-80
35-->src/main/AndroidManifest.xml:21:22-78
36    <uses-permission android:name="android.permission.BLUETOOTH" />
36-->src/main/AndroidManifest.xml:23:5-67
36-->src/main/AndroidManifest.xml:23:22-65
37    <uses-permission android:name="android.permission.BLUETOOTH_ADMIN" />
37-->src/main/AndroidManifest.xml:24:5-73
37-->src/main/AndroidManifest.xml:24:22-71
38    <uses-permission android:name="android.permission.ACCESS_FINE_LOCATION" />
38-->src/main/AndroidManifest.xml:25:5-78
38-->src/main/AndroidManifest.xml:25:22-76
39    <uses-permission android:name="android.permission.ACCESS_WIFI_STATE" /> <!-- GCM all build types configuration -->
39-->src/main/AndroidManifest.xml:26:5-75
39-->src/main/AndroidManifest.xml:26:22-73
40    <uses-permission android:name="com.google.android.c2dm.permission.RECEIVE" />
40-->src/main/AndroidManifest.xml:29:5-82
40-->src/main/AndroidManifest.xml:29:22-79
41
42    <uses-feature
42-->src/main/AndroidManifest.xml:32:5-34:36
43        android:name="android.hardware.camera"
43-->src/main/AndroidManifest.xml:33:9-47
44        android:required="false" />
44-->src/main/AndroidManifest.xml:34:9-33
45    <uses-feature
45-->src/main/AndroidManifest.xml:35:5-37:36
46        android:name="android.hardware.location"
46-->src/main/AndroidManifest.xml:36:9-49
47        android:required="false" />
47-->src/main/AndroidManifest.xml:37:9-33
48    <uses-feature
48-->src/main/AndroidManifest.xml:38:5-40:36
49        android:name="android.hardware.location.gps"
49-->src/main/AndroidManifest.xml:39:9-53
50        android:required="false" />
50-->src/main/AndroidManifest.xml:40:9-33
51    <uses-feature
51-->src/main/AndroidManifest.xml:41:5-43:36
52        android:name="android.hardware.location.network"
52-->src/main/AndroidManifest.xml:42:9-57
53        android:required="false" />
53-->src/main/AndroidManifest.xml:43:9-33
54    <uses-feature
54-->src/main/AndroidManifest.xml:44:5-46:36
55        android:name="android.hardware.touchscreen"
55-->src/main/AndroidManifest.xml:45:9-52
56        android:required="false" />
56-->src/main/AndroidManifest.xml:46:9-33
57    <uses-feature
57-->src/main/AndroidManifest.xml:47:5-49:36
58        android:name="android.hardware.screen.portrait"
58-->src/main/AndroidManifest.xml:48:9-56
59        android:required="false" />
59-->src/main/AndroidManifest.xml:49:9-33
60    <uses-feature
60-->src/main/AndroidManifest.xml:50:5-52:36
61        android:name="android.hardware.screen.landscape"
61-->src/main/AndroidManifest.xml:51:9-57
62        android:required="false" />
62-->src/main/AndroidManifest.xml:52:9-33
63    <!--
64 Adding this meta-data will download the font when application is installed from
65    Google Play Store. This way the font will be downloaded and ready when your app starts
66    for the first time.
67    -->
68    <meta-data
68-->src/main/AndroidManifest.xml:57:5-93
69        android:name="fontProviderRequests"
69-->src/main/AndroidManifest.xml:57:16-51
70        android:value="Noto Color Emoji Compat" />
70-->src/main/AndroidManifest.xml:57:52-91
71
72    <queries>
72-->src/main/AndroidManifest.xml:1052:5-1056:15
73        <intent>
73-->src/main/AndroidManifest.xml:1053:9-1055:18
74            <action android:name="android.intent.action.MAIN" />
74-->src/main/AndroidManifest.xml:85:17-69
74-->src/main/AndroidManifest.xml:85:25-66
75        </intent>
76        <intent>
76-->[org.wordpress-mobile.gutenberg-mobile:react-native-gutenberg-bridge:v1.78.1] AndroidManifest.xml:10:9-14:18
77            <action android:name="android.intent.action.VIEW" />
77-->src/main/AndroidManifest.xml:117:17-69
77-->src/main/AndroidManifest.xml:117:25-66
78
79            <data android:scheme="http" />
80        </intent>
81        <intent>
81-->[org.wordpress-mobile.gutenberg-mobile:react-native-gutenberg-bridge:v1.78.1] AndroidManifest.xml:15:9-19:18
82            <action android:name="android.intent.action.VIEW" />
82-->src/main/AndroidManifest.xml:117:17-69
82-->src/main/AndroidManifest.xml:117:25-66
83
84            <data android:scheme="https" />
85        </intent>
86    </queries>
87
88    <uses-permission-sdk-23 android:name="android.permission.RECORD_AUDIO" />
88-->[com.automattic.stories:photoeditor:1.3.0] AndroidManifest.xml:15:5-78
88-->[com.automattic.stories:photoeditor:1.3.0] AndroidManifest.xml:15:29-75
89
90    <uses-feature
90-->[com.automattic.stories:photoeditor:1.3.0] AndroidManifest.xml:20:5-22:36
91        android:name="android.hardware.camera.autofocus"
91-->[com.automattic.stories:photoeditor:1.3.0] AndroidManifest.xml:21:9-57
92        android:required="false" />
92-->[com.automattic.stories:photoeditor:1.3.0] AndroidManifest.xml:22:9-33
93
94    <uses-permission android:name="com.google.android.finsky.permission.BIND_GET_INSTALL_REFERRER_SERVICE" /> <!-- Require OpenGL ES >= 2.0. -->
94-->[com.android.installreferrer:installreferrer:2.2] AndroidManifest.xml:9:5-110
94-->[com.android.installreferrer:installreferrer:2.2] AndroidManifest.xml:9:22-107
95    <uses-feature
95-->[com.github.indexos.media-for-mobile:android:43a9026f0973a2f0a74fa813132f6a16f7499c3a] AndroidManifest.xml:12:5-14:35
96        android:glEsVersion="0x00020000"
96-->[com.github.indexos.media-for-mobile:android:43a9026f0973a2f0a74fa813132f6a16f7499c3a] AndroidManifest.xml:13:9-41
97        android:required="true" />
97-->[com.github.indexos.media-for-mobile:android:43a9026f0973a2f0a74fa813132f6a16f7499c3a] AndroidManifest.xml:14:9-32
98
99    <application
99-->src/main/AndroidManifest.xml:59:5-1051:19
100        android:name="org.wordpress.android.WordPressDebug"
100-->src/debug/AndroidManifest.xml:9:9-39
101        android:allowBackup="true"
101-->src/main/AndroidManifest.xml:60:9-35
102        android:appComponentFactory="androidx.core.app.CoreComponentFactory"
102-->[androidx.core:core:1.7.0] AndroidManifest.xml:24:18-86
103        android:dataExtractionRules="@xml/backup_scheme"
103-->src/main/AndroidManifest.xml:62:9-57
104        android:debuggable="true"
105        android:extractNativeLibs="false"
106        android:fullBackupContent="@xml/legacy_backup_scheme"
106-->src/main/AndroidManifest.xml:61:9-62
107        android:hardwareAccelerated="true"
107-->src/main/AndroidManifest.xml:63:9-43
108        android:icon="@mipmap/app_icon"
108-->src/main/AndroidManifest.xml:64:9-40
109        android:label="@string/app_name"
109-->src/main/AndroidManifest.xml:65:9-41
110        android:largeHeap="true"
110-->src/main/AndroidManifest.xml:66:9-33
111        android:networkSecurityConfig="@xml/network_security_config"
111-->src/main/AndroidManifest.xml:67:9-69
112        android:preserveLegacyExternalStorage="true"
112-->src/main/AndroidManifest.xml:69:9-53
113        android:requestLegacyExternalStorage="true"
113-->src/main/AndroidManifest.xml:68:9-52
114        android:supportsRtl="true"
114-->src/main/AndroidManifest.xml:72:9-35
115        android:theme="@style/WordPress" >
115-->src/main/AndroidManifest.xml:70:9-41
116        <uses-library
116-->src/main/AndroidManifest.xml:75:9-77:40
117            android:name="org.apache.http.legacy"
117-->src/main/AndroidManifest.xml:76:13-50
118            android:required="false" />
118-->src/main/AndroidManifest.xml:77:13-37
119
120        <activity
120-->src/main/AndroidManifest.xml:79:9-93:20
121            android:name="org.wordpress.android.ui.WPLaunchActivity"
121-->src/main/AndroidManifest.xml:80:13-48
122            android:exported="true"
122-->src/main/AndroidManifest.xml:83:13-36
123            android:noHistory="true"
123-->src/main/AndroidManifest.xml:81:13-37
124            android:theme="@style/NoDisplay" >
124-->src/main/AndroidManifest.xml:82:13-45
125            <intent-filter>
125-->src/main/AndroidManifest.xml:84:13-89:29
126                <action android:name="android.intent.action.MAIN" />
126-->src/main/AndroidManifest.xml:85:17-69
126-->src/main/AndroidManifest.xml:85:25-66
127
128                <category android:name="android.intent.category.LAUNCHER" />
128-->src/main/AndroidManifest.xml:86:17-77
128-->src/main/AndroidManifest.xml:86:27-74
129                <!-- Samsung multiwindow support -->
130                <category android:name="android.intent.category.MULTIWINDOW_LAUNCHER" />
130-->src/main/AndroidManifest.xml:88:17-89
130-->src/main/AndroidManifest.xml:88:27-86
131            </intent-filter>
132
133            <meta-data
133-->src/main/AndroidManifest.xml:91:13-92:53
134                android:name="android.app.shortcuts"
134-->src/main/AndroidManifest.xml:91:24-60
135                android:resource="@xml/shortcuts" />
135-->src/main/AndroidManifest.xml:92:17-50
136        </activity> <!-- Workaround for old launcher icon pointing to .ui.posts.PostsActivity -->
137        <activity-alias
137-->src/main/AndroidManifest.xml:270:9-278:26
138            android:name="org.wordpress.android.ui.posts.PostsActivity"
138-->src/main/AndroidManifest.xml:271:13-51
139            android:enabled="true"
139-->src/main/AndroidManifest.xml:272:13-35
140            android:exported="true"
140-->src/main/AndroidManifest.xml:274:13-36
141            android:targetActivity="org.wordpress.android.ui.WPLaunchActivity" >
141-->src/main/AndroidManifest.xml:273:13-58
142            <intent-filter>
142-->src/main/AndroidManifest.xml:256:13-258:29
143                <action android:name="android.intent.action.MAIN" />
143-->src/main/AndroidManifest.xml:85:17-69
143-->src/main/AndroidManifest.xml:85:25-66
144            </intent-filter>
145        </activity-alias> <!-- Main tab activity -->
146        <activity
146-->src/main/AndroidManifest.xml:96:9-99:32
147            android:name="org.wordpress.android.ui.main.WPMainActivity"
147-->src/main/AndroidManifest.xml:97:13-51
148            android:label=""
148-->src/main/AndroidManifest.xml:99:13-29
149            android:theme="@style/WordPress.NoActionBar" /> <!-- Account activities -->
149-->src/main/AndroidManifest.xml:98:13-57
150        <activity
150-->src/main/AndroidManifest.xml:102:9-105:63
151            android:name="org.wordpress.android.ui.main.MeActivity"
151-->src/main/AndroidManifest.xml:103:13-47
152            android:label="@string/me_section_screen_title"
152-->src/main/AndroidManifest.xml:105:13-60
153            android:theme="@style/WordPress.NoActionBar" />
153-->src/main/AndroidManifest.xml:104:13-57
154        <activity
154-->src/main/AndroidManifest.xml:106:9-109:58
155            android:name="org.wordpress.android.ui.accounts.LoginActivity"
155-->src/main/AndroidManifest.xml:107:13-54
156            android:theme="@style/LoginTheme.TransparentStatusBar"
156-->src/main/AndroidManifest.xml:108:13-67
157            android:windowSoftInputMode="adjustResize" />
157-->src/main/AndroidManifest.xml:109:13-55
158        <activity
158-->src/main/AndroidManifest.xml:111:9-124:20
159            android:name="org.wordpress.android.ui.accounts.LoginMagicLinkInterceptActivity"
159-->src/main/AndroidManifest.xml:112:13-72
160            android:exported="true"
160-->src/main/AndroidManifest.xml:114:13-36
161            android:theme="@style/NoDisplay" >
161-->src/main/AndroidManifest.xml:113:13-45
162            <intent-filter>
162-->src/main/AndroidManifest.xml:116:13-123:29
163                <action android:name="android.intent.action.VIEW" />
163-->src/main/AndroidManifest.xml:117:17-69
163-->src/main/AndroidManifest.xml:117:25-66
164
165                <category android:name="android.intent.category.DEFAULT" />
165-->src/main/AndroidManifest.xml:118:17-76
165-->src/main/AndroidManifest.xml:118:27-73
166                <category android:name="android.intent.category.BROWSABLE" />
166-->src/main/AndroidManifest.xml:119:17-78
166-->src/main/AndroidManifest.xml:119:27-75
167
168                <data
169                    android:host="magic-login"
170                    android:scheme="wordpress" />
171            </intent-filter>
172        </activity>
173        <activity
173-->src/main/AndroidManifest.xml:126:9-129:49
174            android:name="org.wordpress.android.ui.accounts.LoginEpilogueActivity"
174-->src/main/AndroidManifest.xml:127:13-62
175            android:label="@string/login_epilogue_screen_title"
175-->src/main/AndroidManifest.xml:128:13-64
176            android:theme="@style/LoginTheme" />
176-->src/main/AndroidManifest.xml:129:13-46
177        <activity
177-->src/main/AndroidManifest.xml:131:9-134:49
178            android:name="org.wordpress.android.ui.accounts.SignupEpilogueActivity"
178-->src/main/AndroidManifest.xml:132:13-63
179            android:label="@string/signup_epilogue_screen_title"
179-->src/main/AndroidManifest.xml:133:13-65
180            android:theme="@style/LoginTheme" />
180-->src/main/AndroidManifest.xml:134:13-46
181        <activity
181-->src/main/AndroidManifest.xml:136:9-140:15
182            android:name="org.wordpress.android.ui.accounts.PostSignupInterstitialActivity"
182-->src/main/AndroidManifest.xml:137:13-71
183            android:label="@string/post_signup_interstitial_title"
183-->src/main/AndroidManifest.xml:138:13-67
184            android:theme="@style/LoginTheme" />
184-->src/main/AndroidManifest.xml:139:13-46
185        <activity
185-->src/main/AndroidManifest.xml:142:9-145:58
186            android:name="org.wordpress.android.ui.sitecreation.SiteCreationActivity"
186-->src/main/AndroidManifest.xml:143:13-65
187            android:theme="@style/WordPress.NoActionBar"
187-->src/main/AndroidManifest.xml:144:13-57
188            android:windowSoftInputMode="adjustResize" />
188-->src/main/AndroidManifest.xml:145:13-55
189        <activity
189-->src/main/AndroidManifest.xml:147:9-150:60
190            android:name="org.wordpress.android.ui.accounts.HelpActivity"
190-->src/main/AndroidManifest.xml:148:13-53
191            android:label="@string/help_screen_title"
191-->src/main/AndroidManifest.xml:149:13-54
192            android:theme="@style/WordPress.NoActionBar" />
192-->src/main/AndroidManifest.xml:150:13-57
193        <activity
193-->src/main/AndroidManifest.xml:152:9-154:56
194            android:name="zendesk.support.guide.HelpCenterActivity"
194-->src/main/AndroidManifest.xml:153:13-68
195            android:label="@string/support_activity_title"
195-->[com.zendesk:guide:1.0.1] AndroidManifest.xml:19:13-59
196            android:theme="@style/WordPress.ZenDesk"
196-->src/main/AndroidManifest.xml:154:13-53
197            android:windowSoftInputMode="adjustResize" />
197-->[com.zendesk:guide:1.0.1] AndroidManifest.xml:20:13-55
198        <activity
198-->src/main/AndroidManifest.xml:156:9-158:56
199            android:name="zendesk.support.guide.ViewArticleActivity"
199-->src/main/AndroidManifest.xml:157:13-69
200            android:configChanges="orientation|screenSize"
200-->[com.zendesk:guide:1.0.1] AndroidManifest.xml:15:13-59
201            android:label="@string/zs_view_article_loading_title"
201-->[com.zendesk:guide:1.0.1] AndroidManifest.xml:16:13-66
202            android:theme="@style/WordPress.ZenDesk" />
202-->src/main/AndroidManifest.xml:158:13-53
203        <activity
203-->src/main/AndroidManifest.xml:160:9-162:56
204            android:name="zendesk.support.request.RequestActivity"
204-->src/main/AndroidManifest.xml:161:13-67
205            android:theme="@style/WordPress.ZenDesk"
205-->src/main/AndroidManifest.xml:162:13-53
206            android:windowSoftInputMode="adjustResize" />
206-->[com.zendesk:support:5.0.2] AndroidManifest.xml:15:13-55
207        <activity
207-->src/main/AndroidManifest.xml:164:9-166:56
208            android:name="zendesk.support.requestlist.RequestListActivity"
208-->src/main/AndroidManifest.xml:165:13-75
209            android:label="@string/request_list_activity_title"
209-->[com.zendesk:support:5.0.2] AndroidManifest.xml:18:13-64
210            android:theme="@style/WordPress.ZenDesk" /> <!-- empty title -->
210-->src/main/AndroidManifest.xml:166:13-53
211        <!-- Preferences activities -->
212        <activity
212-->src/main/AndroidManifest.xml:171:9-174:71
213            android:name="org.wordpress.android.ui.prefs.AboutActivity"
213-->src/main/AndroidManifest.xml:172:13-51
214            android:label="@string/about_the_app"
214-->src/main/AndroidManifest.xml:173:13-50
215            android:theme="@style/WordPress.NoActionBar.DarkNavbar" />
215-->src/main/AndroidManifest.xml:174:13-68
216        <activity
216-->src/main/AndroidManifest.xml:175:9-178:61
217            android:name="org.wordpress.android.ui.about.UnifiedAboutActivity"
217-->src/main/AndroidManifest.xml:176:13-58
218            android:label="@string/about_the_app"
218-->src/main/AndroidManifest.xml:177:13-50
219            android:theme="@style/WordPress.UnifiedAbout" />
219-->src/main/AndroidManifest.xml:178:13-58
220        <activity
220-->src/main/AndroidManifest.xml:179:9-184:60
221            android:name="org.wordpress.android.ui.prefs.BlogPreferencesActivity"
221-->src/main/AndroidManifest.xml:180:13-61
222            android:configChanges="orientation|screenSize"
222-->src/main/AndroidManifest.xml:181:13-59
223            android:label="@string/settings"
223-->src/main/AndroidManifest.xml:182:13-45
224            android:launchMode="singleTop"
224-->src/main/AndroidManifest.xml:183:13-43
225            android:theme="@style/WordPress.NoActionBar" />
225-->src/main/AndroidManifest.xml:184:13-57
226        <activity
226-->src/main/AndroidManifest.xml:185:9-188:65
227            android:name="org.wordpress.android.ui.prefs.ReleaseNotesActivity"
227-->src/main/AndroidManifest.xml:186:13-58
228            android:label="@string/release_notes_screen_title"
228-->src/main/AndroidManifest.xml:188:13-63
229            android:theme="@style/WordPress.NoActionBar" />
229-->src/main/AndroidManifest.xml:187:13-57
230        <activity
230-->src/main/AndroidManifest.xml:189:9-192:60
231            android:name="org.wordpress.android.ui.prefs.LicensesActivity"
231-->src/main/AndroidManifest.xml:190:13-54
232            android:label="@string/license_screen_title"
232-->src/main/AndroidManifest.xml:191:13-57
233            android:theme="@style/WordPress.NoActionBar" />
233-->src/main/AndroidManifest.xml:192:13-57
234        <activity
234-->src/main/AndroidManifest.xml:193:9-195:64
235            android:name="org.wordpress.android.ui.prefs.SiteSettingsTagListActivity"
235-->src/main/AndroidManifest.xml:193:19-71
236            android:label="@string/site_settings_tags_title"
236-->src/main/AndroidManifest.xml:195:13-61
237            android:theme="@style/WordPress.NoActionBar" />
237-->src/main/AndroidManifest.xml:194:13-57
238        <activity
238-->src/main/AndroidManifest.xml:196:9-200:60
239            android:name="org.wordpress.android.ui.prefs.AccountSettingsActivity"
239-->src/main/AndroidManifest.xml:197:13-61
240            android:configChanges="orientation|screenSize"
240-->src/main/AndroidManifest.xml:198:13-59
241            android:label="@string/account_settings"
241-->src/main/AndroidManifest.xml:199:13-53
242            android:theme="@style/WordPress.NoActionBar" />
242-->src/main/AndroidManifest.xml:200:13-57
243        <activity
243-->src/main/AndroidManifest.xml:201:9-205:60
244            android:name="org.wordpress.android.ui.prefs.AppSettingsActivity"
244-->src/main/AndroidManifest.xml:202:13-57
245            android:configChanges="locale|orientation|screenSize"
245-->src/main/AndroidManifest.xml:203:13-66
246            android:label="@string/me_btn_app_settings"
246-->src/main/AndroidManifest.xml:204:13-56
247            android:theme="@style/WordPress.NoActionBar" />
247-->src/main/AndroidManifest.xml:205:13-57
248        <activity
248-->src/main/AndroidManifest.xml:206:9-216:20
249            android:name="org.wordpress.android.ui.prefs.notifications.NotificationsSettingsActivity"
249-->src/main/AndroidManifest.xml:207:13-81
250            android:configChanges="orientation|screenSize"
250-->src/main/AndroidManifest.xml:208:13-59
251            android:exported="true"
251-->src/main/AndroidManifest.xml:211:13-36
252            android:label="@string/notif_settings_screen_title"
252-->src/main/AndroidManifest.xml:210:13-64
253            android:theme="@style/WordPress.NoActionBar" >
253-->src/main/AndroidManifest.xml:209:13-57
254            <intent-filter>
254-->src/main/AndroidManifest.xml:212:13-215:29
255                <action android:name="android.intent.action.MAIN" />
255-->src/main/AndroidManifest.xml:85:17-69
255-->src/main/AndroidManifest.xml:85:25-66
256
257                <category android:name="android.intent.category.NOTIFICATION_PREFERENCES" />
257-->src/main/AndroidManifest.xml:214:17-93
257-->src/main/AndroidManifest.xml:214:27-90
258            </intent-filter>
259        </activity>
260        <activity
260-->src/main/AndroidManifest.xml:217:9-219:60
261            android:name="org.wordpress.android.networking.SSLCertsViewActivity"
261-->src/main/AndroidManifest.xml:218:13-60
262            android:theme="@style/WordPress.NoActionBar" /> <!-- Comments activities -->
262-->src/main/AndroidManifest.xml:219:13-57
263        <activity
263-->src/main/AndroidManifest.xml:222:9-226:47
264            android:name="org.wordpress.android.ui.comments.unified.UnifiedCommentsActivity"
264-->src/main/AndroidManifest.xml:223:13-72
265            android:label="@string/comments"
265-->src/main/AndroidManifest.xml:226:13-45
266            android:launchMode="singleTop"
266-->src/main/AndroidManifest.xml:225:13-43
267            android:theme="@style/WordPress.NoActionBar" />
267-->src/main/AndroidManifest.xml:224:13-57
268        <activity
268-->src/main/AndroidManifest.xml:227:9-230:51
269            android:name="org.wordpress.android.ui.comments.unified.UnifiedCommentsEditActivity"
269-->src/main/AndroidManifest.xml:228:13-76
270            android:label="@string/edit_comment"
270-->src/main/AndroidManifest.xml:230:13-49
271            android:theme="@style/WordPress.NoActionBar" />
271-->src/main/AndroidManifest.xml:229:13-57
272        <activity
272-->src/main/AndroidManifest.xml:231:9-234:51
273            android:name="org.wordpress.android.ui.comments.EditCommentActivity"
273-->src/main/AndroidManifest.xml:232:13-60
274            android:label="@string/edit_comment"
274-->src/main/AndroidManifest.xml:234:13-49
275            android:theme="@style/WordPress.NoActionBar" />
275-->src/main/AndroidManifest.xml:233:13-57
276        <activity
276-->src/main/AndroidManifest.xml:235:9-239:47
277            android:name="org.wordpress.android.ui.comments.CommentsDetailActivity"
277-->src/main/AndroidManifest.xml:236:13-63
278            android:label="@string/comments"
278-->src/main/AndroidManifest.xml:239:13-45
279            android:theme="@style/WordPress.NoActionBar"
279-->src/main/AndroidManifest.xml:237:13-57
280            android:windowSoftInputMode="adjustResize" />
280-->src/main/AndroidManifest.xml:238:13-55
281        <activity
281-->src/main/AndroidManifest.xml:240:9-244:47
282            android:name="org.wordpress.android.ui.comments.unified.UnifiedCommentsDetailsActivity"
282-->src/main/AndroidManifest.xml:241:13-79
283            android:label="@string/comments"
283-->src/main/AndroidManifest.xml:244:13-45
284            android:theme="@style/WordPress.NoActionBar"
284-->src/main/AndroidManifest.xml:242:13-57
285            android:windowSoftInputMode="adjustResize" /> <!-- Posts activities -->
285-->src/main/AndroidManifest.xml:243:13-55
286        <activity
286-->src/main/AndroidManifest.xml:247:9-259:20
287            android:name="org.wordpress.android.ui.posts.EditPostActivity"
287-->src/main/AndroidManifest.xml:248:13-54
288            android:exported="true"
288-->src/main/AndroidManifest.xml:251:13-36
289            android:theme="@style/WordPress.NoActionBar"
289-->src/main/AndroidManifest.xml:249:13-57
290            android:windowSoftInputMode="stateHidden|adjustResize" >
290-->src/main/AndroidManifest.xml:250:13-67
291            <meta-data
291-->src/main/AndroidManifest.xml:252:13-254:63
292                android:name="android.support.PARENT_ACTIVITY"
292-->src/main/AndroidManifest.xml:253:17-63
293                android:value=".ui.posts.PostsListActivity" />
293-->src/main/AndroidManifest.xml:254:17-60
294
295            <intent-filter>
295-->src/main/AndroidManifest.xml:256:13-258:29
296                <action android:name="android.intent.action.MAIN" />
296-->src/main/AndroidManifest.xml:85:17-69
296-->src/main/AndroidManifest.xml:85:25-66
297            </intent-filter>
298        </activity> <!-- Story composer activity -->
299        <activity
299-->src/main/AndroidManifest.xml:262:9-267:20
300            android:name="org.wordpress.android.ui.stories.StoryComposerActivity"
300-->src/main/AndroidManifest.xml:263:13-61
301            android:label="@string/app_name"
301-->src/main/AndroidManifest.xml:264:13-45
302            android:screenOrientation="portrait"
302-->src/main/AndroidManifest.xml:265:13-49
303            android:theme="@style/WordPress.Stories.Immersive" >
303-->src/main/AndroidManifest.xml:266:13-63
304        </activity>
305        <activity
305-->src/main/AndroidManifest.xml:280:9-284:32
306            android:name="org.wordpress.android.ui.posts.PostsListActivity"
306-->src/main/AndroidManifest.xml:281:13-55
307            android:label=""
307-->src/main/AndroidManifest.xml:284:13-29
308            android:launchMode="singleTop"
308-->src/main/AndroidManifest.xml:282:13-43
309            android:theme="@style/WordPress.NoActionBar" />
309-->src/main/AndroidManifest.xml:283:13-57
310        <activity
310-->src/main/AndroidManifest.xml:285:9-289:62
311            android:name="org.wordpress.android.ui.pages.PagesActivity"
311-->src/main/AndroidManifest.xml:286:13-51
312            android:label="@string/my_site_btn_site_pages"
312-->src/main/AndroidManifest.xml:289:13-59
313            android:launchMode="singleTop"
313-->src/main/AndroidManifest.xml:288:13-43
314            android:theme="@style/WordPress.NoActionBar" />
314-->src/main/AndroidManifest.xml:287:13-57
315        <activity
315-->src/main/AndroidManifest.xml:290:9-293:50
316            android:name="org.wordpress.android.ui.pages.PageParentActivity"
316-->src/main/AndroidManifest.xml:291:13-56
317            android:label="@string/set_parent"
317-->src/main/AndroidManifest.xml:293:13-47
318            android:theme="@style/WordPress.NoActionBar" />
318-->src/main/AndroidManifest.xml:292:13-57
319        <activity
319-->src/main/AndroidManifest.xml:294:9-296:60
320            android:name="org.wordpress.android.ui.posts.SelectCategoriesActivity"
320-->src/main/AndroidManifest.xml:295:13-62
321            android:theme="@style/WordPress.NoActionBar" />
321-->src/main/AndroidManifest.xml:296:13-57
322        <activity